<?xml version="1.0" encoding="UTF-8"?>
<!-- Generated by org.testng.reporters.JUnitReportReporter -->
<testsuite hostname="Gousi" failures="0" tests="1" name="Automationpratic.screensht" time="14.806" errors="0" timestamp="2024-08-31T19:10:59 IST" skipped="0">
  <testcase classname="Automationpratic.screensht" name="testScreenShot" time="14.806"/>
</testsuite> <!-- Automationpratic.screensht -->
